<?xml version="1.0" encoding="UTF-8"?>
<robot generator="Robot 7.3.2 (Python 3.13.2 on win32)" generated="2025-07-29T01:28:00.919405" rpa="false" schemaversion="5">
<suite id="s1" name="Qa Test" source="h:\Github\examen_jee\qa_test">
<suite id="s1-s1" name="Lab1" source="h:\Github\examen_jee\qa_test\lab1">
<suite id="s1-s1-s1" name="Tests" source="h:\Github\examen_jee\qa_test\lab1\tests">
<suite id="s1-s1-s1-s1" name="User Test" source="h:\Github\examen_jee\qa_test\lab1\tests\user_test.robot">
<kw name="Connect To Mongodb Atlas" owner="MongoDBKeywords" type="SETUP">
<msg time="2025-07-29T01:28:01.916605" level="INFO">${MONGODB_CLIENT} = MongoClient(host=['ac-ybzd9ki-shard-00-00.hddhf8c.mongodb.net:27017', 'ac-ybzd9ki-shard-00-01.hddhf8c.mongodb.net:27017', 'ac-ybzd9ki-shard-00-02.hddhf8c.mongodb.net:27017'], document_class=dict, tz_a...</msg>
<msg time="2025-07-29T01:28:01.917419" level="INFO">${MONGODB_DATABASE} = Database(MongoClient(host=['ac-ybzd9ki-shard-00-00.hddhf8c.mongodb.net:27017', 'ac-ybzd9ki-shard-00-01.hddhf8c.mongodb.net:27017', 'ac-ybzd9ki-shard-00-02.hddhf8c.mongodb.net:27017'], document_class=d...</msg>
<arg>${MONGO_URI}</arg>
<arg>${DB_NAME}</arg>
<doc>Connexion à MongoDB Atlas</doc>
<status status="PASS" start="2025-07-29T01:28:01.020047" elapsed="0.897544"/>
</kw>
<test id="s1-s1-s1-s1-t1" name="Get User By Invalid ID Test - Scénario Non Passant" line="86">
<kw name="Get User By Invalid Id" owner="MongoDBKeywords">
<msg time="2025-07-29T01:28:01.986116" level="INFO">${result} = None</msg>
<var>${result}</var>
<arg>invalidid123</arg>
<doc>Récupérer un utilisateur avec ID invalide - Scénario non passant</doc>
<status status="PASS" start="2025-07-29T01:28:01.919031" elapsed="0.067375"/>
</kw>
<kw name="Log To Console" owner="BuiltIn">
<arg>${result}</arg>
<doc>Logs the given message to the console.</doc>
<status status="PASS" start="2025-07-29T01:28:01.987936" elapsed="0.000426"/>
</kw>
<doc>Test de récupération d'un utilisateur avec un ID invalide</doc>
<tag>get</tag>
<tag>invalid</tag>
<tag>users</tag>
<status status="PASS" start="2025-07-29T01:28:01.917799" elapsed="0.070728"/>
</test>
<kw name="Close Mongodb Connection" owner="MongoDBKeywords" type="TEARDOWN">
<doc>Fermer la connexion MongoDB</doc>
<status status="PASS" start="2025-07-29T01:28:01.990540" elapsed="0.066195"/>
</kw>
<status status="PASS" start="2025-07-29T01:28:00.944531" elapsed="1.112358"/>
</suite>
<status status="PASS" start="2025-07-29T01:28:00.942566" elapsed="1.115640"/>
</suite>
<status status="PASS" start="2025-07-29T01:28:00.938891" elapsed="1.120251"/>
</suite>
<status status="PASS" start="2025-07-29T01:28:00.922843" elapsed="1.137385"/>
</suite>
<statistics>
<total>
<stat pass="1" fail="0" skip="0">All Tests</stat>
</total>
<tag>
<stat pass="1" fail="0" skip="0">get</stat>
<stat pass="1" fail="0" skip="0">invalid</stat>
<stat pass="1" fail="0" skip="0">users</stat>
</tag>
<suite>
<stat name="Qa Test" id="s1" pass="1" fail="0" skip="0">Qa Test</stat>
<stat name="Lab1" id="s1-s1" pass="1" fail="0" skip="0">Qa Test.Lab1</stat>
<stat name="Tests" id="s1-s1-s1" pass="1" fail="0" skip="0">Qa Test.Lab1.Tests</stat>
<stat name="User Test" id="s1-s1-s1-s1" pass="1" fail="0" skip="0">Qa Test.Lab1.Tests.User Test</stat>
</suite>
</statistics>
<errors>
</errors>
</robot>
